2019-01-20 17:45:47,139 [localhost-startStop-1] [org.springframework.beans.factory.support.DefaultListableBeanFactory]-[DEBUG] Creating shared instance of singleton bean 'org.springframework.context.support.PropertySourcesPlaceholderConfigurer#0'
2019-01-20 17:45:47,140 [localhost-startStop-1] [org.springframework.beans.factory.support.DefaultListableBeanFactory]-[DEBUG] Creating instance of bean 'org.springframework.context.support.PropertySourcesPlaceholderConfigurer#0'
2019-01-20 17:45:47,140 [localhost-startStop-1] [org.springframework.beans.factory.support.DefaultListableBeanFactory]-[DEBUG] Eagerly caching bean 'org.springframework.context.support.PropertySourcesPlaceholderConfigurer#0' to allow for resolving potential circular references
2019-01-20 17:45:47,140 [localhost-startStop-1] [org.springframework.core.io.support.PathMatchingResourcePatternResolver]-[DEBUG] Looking for matching resources in directory tree [E:\WorkSpaceTemplate\taotao-order\target\classes\resource]
2019-01-20 17:45:47,140 [localhost-startStop-1] [org.springframework.core.io.support.PathMatchingResourcePatternResolver]-[DEBUG] Searching directory [E:\WorkSpaceTemplate\taotao-order\target\classes\resource] for files matching pattern [E:/WorkSpaceTemplate/taotao-order/target/classes/resource/*.properties]
2019-01-20 17:45:47,140 [localhost-startStop-1] [org.springframework.core.io.support.PathMatchingResourcePatternResolver]-[DEBUG] Resolved location pattern [classpath:resource/*.properties] to resources [file [E:\WorkSpaceTemplate\taotao-order\target\classes\resource\db.properties], file [E:\WorkSpaceTemplate\taotao-order\target\classes\resource\resource.properties]]
2019-01-20 17:45:47,141 [localhost-startStop-1] [org.springframework.beans.factory.support.DefaultListableBeanFactory]-[DEBUG] Finished creating instance of bean 'org.springframework.context.support.PropertySourcesPlaceholderConfigurer#0'
2019-01-20 17:45:47,141 [localhost-startStop-1] [org.springframework.core.env.MutablePropertySources]-[DEBUG] Adding [environmentProperties] PropertySource with lowest search precedence
2019-01-20 17:45:47,141 [localhost-startStop-1] [org.springframework.context.support.PropertySourcesPlaceholderConfigurer]-[INFO] Loading properties file from file [E:\WorkSpaceTemplate\taotao-order\target\classes\resource\db.properties]
2019-01-20 17:45:47,141 [localhost-startStop-1] [org.springframework.context.support.PropertySourcesPlaceholderConfigurer]-[INFO] Loading properties file from file [E:\WorkSpaceTemplate\taotao-order\target\classes\resource\resource.properties]
2019-01-20 17:45:47,141 [localhost-startStop-1] [org.springframework.core.env.MutablePropertySources]-[DEBUG] Adding [localProperties] PropertySource with lowest search precedence
2019-01-20 17:45:47,142 [localhost-startStop-1] [org.springframework.beans.factory.support.DefaultListableBeanFactory]-[DEBUG] Creating shared instance of singleton bean 'org.springframework.context.annotation.internalAutowiredAnnotationProcessor'
2019-01-20 17:45:47,142 [localhost-startStop-1] [org.springframework.beans.factory.support.DefaultListableBeanFactory]-[DEBUG] Creating instance of bean 'org.springframework.context.annotation.internalAutowiredAnnotationProcessor'
2019-01-20 17:45:47,143 [localhost-startStop-1] [org.springframework.beans.factory.annotation.AutowiredAnnotationBeanPostProcessor]-[INFO] JSR-330 'javax.inject.Inject' annotation found and supported for autowiring
2019-01-20 17:45:47,143 [localhost-startStop-1] [org.springframework.beans.factory.support.DefaultListableBeanFactory]-[DEBUG] Eagerly caching bean 'org.springframework.context.annotation.internalAutowiredAnnotationProcessor' to allow for resolving potential circular references
2019-01-20 17:45:47,143 [localhost-startStop-1] [org.springframework.beans.factory.support.DefaultListableBeanFactory]-[DEBUG] Finished creating instance of bean 'org.springframework.context.annotation.internalAutowiredAnnotationProcessor'
2019-01-20 17:45:47,143 [localhost-startStop-1] [org.springframework.beans.factory.support.DefaultListableBeanFactory]-[DEBUG] Creating shared instance of singleton bean 'org.springframework.context.annotation.internalRequiredAnnotationProcessor'
2019-01-20 17:45:47,143 [localhost-startStop-1] [org.springframework.beans.factory.support.DefaultListableBeanFactory]-[DEBUG] Creating instance of bean 'org.springframework.context.annotation.internalRequiredAnnotationProcessor'
2019-01-20 17:45:47,143 [localhost-startStop-1] [org.springframework.beans.factory.support.DefaultListableBeanFactory]-[DEBUG] Eagerly caching bean 'org.springframework.context.annotation.internalRequiredAnnotationProcessor' to allow for resolving potential circular references
2019-01-20 17:45:47,143 [localhost-startStop-1] [org.springframework.beans.factory.support.DefaultListableBeanFactory]-[DEBUG] Finished creating instance of bean 'org.springframework.context.annotation.internalRequiredAnnotationProcessor'
2019-01-20 17:45:47,143 [localhost-startStop-1] [org.springframework.beans.factory.support.DefaultListableBeanFactory]-[DEBUG] Creating shared instance of singleton bean 'org.springframework.context.annotation.internalCommonAnnotationProcessor'
2019-01-20 17:45:47,143 [localhost-startStop-1] [org.springframework.beans.factory.support.DefaultListableBeanFactory]-[DEBUG] Creating instance of bean 'org.springframework.context.annotation.internalCommonAnnotationProcessor'
2019-01-20 17:45:47,144 [localhost-startStop-1] [org.springframework.beans.factory.support.DefaultListableBeanFactory]-[DEBUG] Eagerly caching bean 'org.springframework.context.annotation.internalCommonAnnotationProcessor' to allow for resolving potential circular references
2019-01-20 17:45:47,144 [localhost-startStop-1] [org.springframework.beans.factory.support.DefaultListableBeanFactory]-[DEBUG] Finished creating instance of bean 'org.springframework.context.annotation.internalCommonAnnotationProcessor'
2019-01-20 17:45:47,144 [localhost-startStop-1] [org.springframework.beans.factory.support.DefaultListableBeanFactory]-[DEBUG] Creating shared instance of singleton bean 'org.springframework.context.annotation.ConfigurationClassPostProcessor.importAwareProcessor'
2019-01-20 17:45:47,144 [localhost-startStop-1] [org.springframework.beans.factory.support.DefaultListableBeanFactory]-[DEBUG] Creating instance of bean 'org.springframework.context.annotation.ConfigurationClassPostProcessor.importAwareProcessor'
2019-01-20 17:45:47,144 [localhost-startStop-1] [org.springframework.beans.factory.support.DefaultListableBeanFactory]-[DEBUG] Eagerly caching bean 'org.springframework.context.annotation.ConfigurationClassPostProcessor.importAwareProcessor' to allow for resolving potential circular references
2019-01-20 17:45:47,144 [localhost-startStop-1] [org.springframework.beans.factory.support.DefaultListableBeanFactory]-[DEBUG] Finished creating instance of bean 'org.springframework.context.annotation.ConfigurationClassPostProcessor.importAwareProcessor'
2019-01-20 17:45:47,144 [localhost-startStop-1] [org.springframework.beans.factory.support.DefaultListableBeanFactory]-[DEBUG] Creating shared instance of singleton bean 'org.springframework.context.annotation.ConfigurationClassPostProcessor.enhancedConfigurationProcessor'
2019-01-20 17:45:47,144 [localhost-startStop-1] [org.springframework.beans.factory.support.DefaultListableBeanFactory]-[DEBUG] Creating instance of bean 'org.springframework.context.annotation.ConfigurationClassPostProcessor.enhancedConfigurationProcessor'
2019-01-20 17:45:47,144 [localhost-startStop-1] [org.springframework.beans.factory.support.DefaultListableBeanFactory]-[DEBUG] Eagerly caching bean 'org.springframework.context.annotation.ConfigurationClassPostProcessor.enhancedConfigurationProcessor' to allow for resolving potential circular references
2019-01-20 17:45:47,144 [localhost-startStop-1] [org.springframework.beans.factory.support.DefaultListableBeanFactory]-[DEBUG] Finished creating instance of bean 'org.springframework.context.annotation.ConfigurationClassPostProcessor.enhancedConfigurationProcessor'
2019-01-20 17:45:47,144 [localhost-startStop-1] [org.springframework.web.context.support.XmlWebApplicationContext]-[DEBUG] Unable to locate MessageSource with name 'messageSource': using default [org.springframework.context.support.DelegatingMessageSource@6043e51d]
2019-01-20 17:45:47,144 [localhost-startStop-1] [org.springframework.web.context.support.XmlWebApplicationContext]-[DEBUG] Unable to locate ApplicationEventMulticaster with name 'applicationEventMulticaster': using default [org.springframework.context.event.SimpleApplicationEventMulticaster@2948d065]
2019-01-20 17:45:47,145 [localhost-startStop-1] [org.springframework.ui.context.support.UiApplicationContextUtils]-[DEBUG] Unable to locate ThemeSource with name 'themeSource': using default [org.springframework.ui.context.support.DelegatingThemeSource@41ac07c1]
2019-01-20 17:45:47,146 [localhost-startStop-1] [org.springframework.beans.factory.support.DefaultListableBeanFactory]-[DEBUG] Pre-instantiating singletons in org.springframework.beans.factory.support.DefaultListableBeanFactory@3b5d36b9: defining beans [orderController,org.springframework.context.annotation.internalConfigurationAnnotationProcessor,org.springframework.context.annotation.internalAutowiredAnnotationProcessor,org.springframework.context.annotation.internalRequiredAnnotationProcessor,org.springframework.context.annotation.internalCommonAnnotationProcessor,mvcContentNegotiationManager,org.springframework.web.servlet.mvc.method.annotation.RequestMappingHandlerMapping#0,org.springframework.format.support.FormattingConversionServiceFactoryBean#0,org.springframework.web.servlet.mvc.method.annotation.RequestMappingHandlerAdapter#0,mvcUriComponentsContributor,org.springframework.web.servlet.handler.MappedInterceptor#0,org.springframework.web.servlet.mvc.method.annotation.ExceptionHandlerExceptionResolver#0,org.springframework.web.servlet.mvc.annotation.ResponseStatusExceptionResolver#0,org.springframework.web.servlet.mvc.support.DefaultHandlerExceptionResolver#0,org.springframework.web.servlet.handler.BeanNameUrlHandlerMapping,org.springframework.web.servlet.mvc.HttpRequestHandlerAdapter,org.springframework.web.servlet.mvc.SimpleControllerHandlerAdapter,org.springframework.context.support.PropertySourcesPlaceholderConfigurer#0,org.springframework.web.servlet.view.InternalResourceViewResolver#0,org.springframework.context.annotation.ConfigurationClassPostProcessor.importAwareProcessor,org.springframework.context.annotation.ConfigurationClassPostProcessor.enhancedConfigurationProcessor]; parent: org.springframework.beans.factory.support.DefaultListableBeanFactory@51da2515
2019-01-20 17:45:47,146 [localhost-startStop-1] [org.springframework.beans.factory.support.DefaultListableBeanFactory]-[DEBUG] Creating shared instance of singleton bean 'orderController'
2019-01-20 17:45:47,146 [localhost-startStop-1] [org.springframework.beans.factory.support.DefaultListableBeanFactory]-[DEBUG] Creating instance of bean 'orderController'
2019-01-20 17:45:47,149 [localhost-startStop-1] [org.springframework.beans.factory.annotation.InjectionMetadata]-[DEBUG] Registered injected element on class [com.taotao.order.controller.OrderController]: AutowiredFieldElement for private com.taotao.order.service.CreateOrderService com.taotao.order.controller.OrderController.orderService
2019-01-20 17:45:47,149 [localhost-startStop-1] [org.springframework.beans.factory.support.DefaultListableBeanFactory]-[DEBUG] Eagerly caching bean 'orderController' to allow for resolving potential circular references
2019-01-20 17:45:47,151 [localhost-startStop-1] [org.springframework.beans.factory.annotation.InjectionMetadata]-[DEBUG] Processing injected method of bean 'orderController': AutowiredFieldElement for private com.taotao.order.service.CreateOrderService com.taotao.order.controller.OrderController.orderService
2019-01-20 17:45:47,151 [localhost-startStop-1] [org.springframework.beans.factory.support.DefaultListableBeanFactory]-[DEBUG] Returning cached instance of singleton bean 'createOrderServiceImpl'
2019-01-20 17:45:47,152 [localhost-startStop-1] [org.springframework.beans.factory.annotation.AutowiredAnnotationBeanPostProcessor]-[DEBUG] Autowiring by type from bean name 'orderController' to bean named 'createOrderServiceImpl'
2019-01-20 17:45:47,152 [localhost-startStop-1] [org.springframework.beans.factory.support.DefaultListableBeanFactory]-[DEBUG] Finished creating instance of bean 'orderController'
2019-01-20 17:45:47,152 [localhost-startStop-1] [org.springframework.beans.factory.support.DefaultListableBeanFactory]-[DEBUG] Returning cached instance of singleton bean 'org.springframework.context.annotation.internalConfigurationAnnotationProcessor'
2019-01-20 17:45:47,152 [localhost-startStop-1] [org.springframework.beans.factory.support.DefaultListableBeanFactory]-[DEBUG] Returning cached instance of singleton bean 'org.springframework.context.annotation.internalAutowiredAnnotationProcessor'
2019-01-20 17:45:47,152 [localhost-startStop-1] [org.springframework.beans.factory.support.DefaultListableBeanFactory]-[DEBUG] Returning cached instance of singleton bean 'org.springframework.context.annotation.internalRequiredAnnotationProcessor'
2019-01-20 17:45:47,152 [localhost-startStop-1] [org.springframework.beans.factory.support.DefaultListableBeanFactory]-[DEBUG] Returning cached instance of singleton bean 'org.springframework.context.annotation.internalCommonAnnotationProcessor'
2019-01-20 17:45:47,152 [localhost-startStop-1] [org.springframework.beans.factory.support.DefaultListableBeanFactory]-[DEBUG] Creating shared instance of singleton bean 'mvcContentNegotiationManager'
2019-01-20 17:45:47,152 [localhost-startStop-1] [org.springframework.beans.factory.support.DefaultListableBeanFactory]-[DEBUG] Creating instance of bean 'mvcContentNegotiationManager'
2019-01-20 17:45:47,152 [localhost-startStop-1] [org.springframework.beans.factory.support.DefaultListableBeanFactory]-[DEBUG] Eagerly caching bean 'mvcContentNegotiationManager' to allow for resolving potential circular references
2019-01-20 17:45:47,159 [localhost-startStop-1] [org.springframework.beans.factory.support.DefaultListableBeanFactory]-[DEBUG] Invoking afterPropertiesSet() on bean with name 'mvcContentNegotiationManager'
2019-01-20 17:45:47,161 [localhost-startStop-1] [org.springframework.beans.factory.support.DefaultListableBeanFactory]-[DEBUG] Finished creating instance of bean 'mvcContentNegotiationManager'
2019-01-20 17:45:47,161 [localhost-startStop-1] [org.springframework.beans.factory.support.DefaultListableBeanFactory]-[DEBUG] Creating shared instance of singleton bean 'org.springframework.web.servlet.mvc.method.annotation.RequestMappingHandlerMapping#0'
2019-01-20 17:45:47,161 [localhost-startStop-1] [org.springframework.beans.factory.support.DefaultListableBeanFactory]-[DEBUG] Creating instance of bean 'org.springframework.web.servlet.mvc.method.annotation.RequestMappingHandlerMapping#0'
2019-01-20 17:45:47,165 [localhost-startStop-1] [org.springframework.beans.factory.support.DefaultListableBeanFactory]-[DEBUG] Eagerly caching bean 'org.springframework.web.servlet.mvc.method.annotation.RequestMappingHandlerMapping#0' to allow for resolving potential circular references
2019-01-20 17:45:47,176 [localhost-startStop-1] [org.springframework.beans.factory.support.DefaultListableBeanFactory]-[DEBUG] Returning cached instance of singleton bean 'mvcContentNegotiationManager'
2019-01-20 17:45:47,177 [localhost-startStop-1] [org.springframework.beans.factory.support.DefaultListableBeanFactory]-[DEBUG] Creating shared instance of singleton bean 'org.springframework.web.servlet.handler.MappedInterceptor#0'
2019-01-20 17:45:47,177 [localhost-startStop-1] [org.springframework.beans.factory.support.DefaultListableBeanFactory]-[DEBUG] Creating instance of bean 'org.springframework.web.servlet.handler.MappedInterceptor#0'
2019-01-20 17:45:47,177 [localhost-startStop-1] [org.springframework.beans.factory.support.DefaultListableBeanFactory]-[DEBUG] Creating instance of bean '(inner bean)#3db15519'
2019-01-20 17:45:47,178 [localhost-startStop-1] [org.springframework.beans.factory.support.DefaultListableBeanFactory]-[DEBUG] Creating shared instance of singleton bean 'org.springframework.format.support.FormattingConversionServiceFactoryBean#0'
2019-01-20 17:45:47,178 [localhost-startStop-1] [org.springframework.beans.factory.support.DefaultListableBeanFactory]-[DEBUG] Creating instance of bean 'org.springframework.format.support.FormattingConversionServiceFactoryBean#0'
2019-01-20 17:45:47,178 [localhost-startStop-1] [org.springframework.beans.factory.support.DefaultListableBeanFactory]-[DEBUG] Eagerly caching bean 'org.springframework.format.support.FormattingConversionServiceFactoryBean#0' to allow for resolving potential circular references
2019-01-20 17:45:47,181 [localhost-startStop-1] [org.springframework.beans.factory.support.DefaultListableBeanFactory]-[DEBUG] Invoking afterPropertiesSet() on bean with name 'org.springframework.format.support.FormattingConversionServiceFactoryBean#0'
2019-01-20 17:45:47,236 [localhost-startStop-1] [org.springframework.beans.factory.support.DefaultListableBeanFactory]-[DEBUG] Finished creating instance of bean 'org.springframework.format.support.FormattingConversionServiceFactoryBean#0'
2019-01-20 17:45:47,240 [localhost-startStop-1] [org.springframework.beans.factory.support.DefaultListableBeanFactory]-[DEBUG] Finished creating instance of bean '(inner bean)#3db15519'
2019-01-20 17:45:47,242 [localhost-startStop-1] [org.springframework.beans.BeanUtils]-[DEBUG] No property editor [org.springframework.web.context.request.WebRequestInterceptorEditor] found for type org.springframework.web.context.request.WebRequestInterceptor according to 'Editor' suffix convention
2019-01-20 17:45:47,242 [localhost-startStop-1] [org.springframework.beans.factory.support.DefaultListableBeanFactory]-[DEBUG] Eagerly caching bean 'org.springframework.web.servlet.handler.MappedInterceptor#0' to allow for resolving potential circular references
2019-01-20 17:45:47,244 [localhost-startStop-1] [org.springframework.beans.factory.support.DefaultListableBeanFactory]-[DEBUG] Finished creating instance of bean 'org.springframework.web.servlet.handler.MappedInterceptor#0'
2019-01-20 17:45:47,245 [localhost-startStop-1] [org.springframework.beans.factory.support.DefaultListableBeanFactory]-[DEBUG] Invoking afterPropertiesSet() on bean with name 'org.springframework.web.servlet.mvc.method.annotation.RequestMappingHandlerMapping#0'
2019-01-20 17:45:47,245 [localhost-startStop-1] [org.springframework.web.servlet.mvc.method.annotation.RequestMappingHandlerMapping]-[DEBUG] Looking for request mappings in application context: WebApplicationContext for namespace 'taotao-order-servlet': startup date [Sun Jan 20 17:45:47 CST 2019]; parent: Root WebApplicationContext
2019-01-20 17:45:47,256 [localhost-startStop-1] [org.springframework.web.servlet.mvc.method.annotation.RequestMappingHandlerMapping]-[INFO] Mapped "{[/create],methods=[POST],params=[],headers=[],consumes=[],produces=[],custom=[]}" onto public com.taotao.common.pojo.TaotaoResult com.taotao.order.controller.OrderController.create(com.toatao.order.pojo.Order)
2019-01-20 17:45:47,257 [localhost-startStop-1] [org.springframework.beans.factory.support.DefaultListableBeanFactory]-[DEBUG] Finished creating instance of bean 'org.springframework.web.servlet.mvc.method.annotation.RequestMappingHandlerMapping#0'
2019-01-20 17:45:47,257 [localhost-startStop-1] [org.springframework.beans.factory.support.DefaultListableBeanFactory]-[DEBUG] Returning cached instance of singleton bean 'org.springframework.format.support.FormattingConversionServiceFactoryBean#0'
2019-01-20 17:45:47,257 [localhost-startStop-1] [org.springframework.beans.factory.support.DefaultListableBeanFactory]-[DEBUG] Creating shared instance of singleton bean 'org.springframework.web.servlet.mvc.method.annotation.RequestMappingHandlerAdapter#0'
2019-01-20 17:45:47,257 [localhost-startStop-1] [org.springframework.beans.factory.support.DefaultListableBeanFactory]-[DEBUG] Creating instance of bean 'org.springframework.web.servlet.mvc.method.annotation.RequestMappingHandlerAdapter#0'
2019-01-20 17:45:47,444 [localhost-startStop-1] [org.springframework.beans.factory.support.DefaultListableBeanFactory]-[DEBUG] Eagerly caching bean 'org.springframework.web.servlet.mvc.method.annotation.RequestMappingHandlerAdapter#0' to allow for resolving potential circular references
2019-01-20 17:45:47,450 [localhost-startStop-1] [org.springframework.beans.factory.support.DefaultListableBeanFactory]-[DEBUG] Returning cached instance of singleton bean 'mvcContentNegotiationManager'
2019-01-20 17:45:47,451 [localhost-startStop-1] [org.springframework.beans.factory.support.DefaultListableBeanFactory]-[DEBUG] Creating instance of bean '(inner bean)#71110564'
2019-01-20 17:45:47,456 [localhost-startStop-1] [org.springframework.beans.factory.support.DefaultListableBeanFactory]-[DEBUG] Returning cached instance of singleton bean 'org.springframework.format.support.FormattingConversionServiceFactoryBean#0'
2019-01-20 17:45:47,456 [localhost-startStop-1] [org.springframework.beans.factory.support.DefaultListableBeanFactory]-[DEBUG] Finished creating instance of bean '(inner bean)#71110564'
2019-01-20 17:45:47,456 [localhost-startStop-1] [org.springframework.beans.factory.support.DefaultListableBeanFactory]-[DEBUG] Creating instance of bean '(inner bean)#7f158188'
2019-01-20 17:45:47,461 [localhost-startStop-1] [org.springframework.beans.factory.support.DefaultListableBeanFactory]-[DEBUG] Finished creating instance of bean '(inner bean)#7f158188'
2019-01-20 17:45:47,461 [localhost-startStop-1] [org.springframework.beans.factory.support.DefaultListableBeanFactory]-[DEBUG] Creating instance of bean '(inner bean)#4f3ba324'
2019-01-20 17:45:47,465 [localhost-startStop-1] [org.springframework.beans.factory.support.DefaultListableBeanFactory]-[DEBUG] Finished creating instance of bean '(inner bean)#4f3ba324'
2019-01-20 17:45:47,465 [localhost-startStop-1] [org.springframework.beans.factory.support.DefaultListableBeanFactory]-[DEBUG] Creating instance of bean '(inner bean)#4bbaf3e3'
2019-01-20 17:45:47,468 [localhost-startStop-1] [org.springframework.beans.factory.support.DefaultListableBeanFactory]-[DEBUG] Finished creating instance of bean '(inner bean)#4bbaf3e3'
2019-01-20 17:45:47,468 [localhost-startStop-1] [org.springframework.beans.factory.support.DefaultListableBeanFactory]-[DEBUG] Creating instance of bean '(inner bean)#26c9bff8'
2019-01-20 17:45:47,471 [localhost-startStop-1] [org.springframework.beans.factory.support.DefaultListableBeanFactory]-[DEBUG] Finished creating instance of bean '(inner bean)#26c9bff8'
2019-01-20 17:45:47,471 [localhost-startStop-1] [org.springframework.beans.factory.support.DefaultListableBeanFactory]-[DEBUG] Creating instance of bean '(inner bean)#6ce8df99'
2019-01-20 17:45:47,477 [localhost-startStop-1] [org.springframework.beans.factory.support.DefaultListableBeanFactory]-[DEBUG] Finished creating instance of bean '(inner bean)#6ce8df99'
2019-01-20 17:45:47,477 [localhost-startStop-1] [org.springframework.beans.factory.support.DefaultListableBeanFactory]-[DEBUG] Creating instance of bean '(inner bean)#281d0b36'
2019-01-20 17:45:47,484 [localhost-startStop-1] [org.springframework.beans.factory.support.DefaultListableBeanFactory]-[DEBUG] Finished creating instance of bean '(inner bean)#281d0b36'
2019-01-20 17:45:47,484 [localhost-startStop-1] [org.springframework.beans.factory.support.DefaultListableBeanFactory]-[DEBUG] Creating instance of bean '(inner bean)#7c341ef5'
2019-01-20 17:45:47,485 [localhost-startStop-1] [org.springframework.beans.factory.support.DefaultListableBeanFactory]-[DEBUG] Creating instance of bean '(inner bean)#30321cbb'
2019-01-20 17:45:47,489 [localhost-startStop-1] [org.springframework.beans.factory.support.DefaultListableBeanFactory]-[DEBUG] Invoking afterPropertiesSet() on bean with name '(inner bean)#30321cbb'
2019-01-20 17:45:47,491 [localhost-startStop-1] [org.springframework.beans.factory.support.DefaultListableBeanFactory]-[DEBUG] Finished creating instance of bean '(inner bean)#30321cbb'
2019-01-20 17:45:47,497 [localhost-startStop-1] [org.springframework.beans.factory.support.DefaultListableBeanFactory]-[DEBUG] Finished creating instance of bean '(inner bean)#7c341ef5'
2019-01-20 17:45:47,497 [localhost-startStop-1] [org.springframework.beans.factory.support.DefaultListableBeanFactory]-[DEBUG] Creating instance of bean '(inner bean)#140eaad5'
2019-01-20 17:45:47,501 [localhost-startStop-1] [org.springframework.beans.factory.support.DefaultListableBeanFactory]-[DEBUG] Finished creating instance of bean '(inner bean)#140eaad5'
2019-01-20 17:45:47,501 [localhost-startStop-1] [org.springframework.beans.factory.support.DefaultListableBeanFactory]-[DEBUG] Invoking afterPropertiesSet() on bean with name 'org.springframework.web.servlet.mvc.method.annotation.RequestMappingHandlerAdapter#0'
2019-01-20 17:45:47,502 [localhost-startStop-1] [org.springframework.web.servlet.mvc.method.annotation.RequestMappingHandlerAdapter]-[INFO] Looking for @ControllerAdvice: WebApplicationContext for namespace 'taotao-order-servlet': startup date [Sun Jan 20 17:45:47 CST 2019]; parent: Root WebApplicationContext
2019-01-20 17:45:47,525 [localhost-startStop-1] [org.springframework.beans.factory.support.DefaultListableBeanFactory]-[DEBUG] Finished creating instance of bean 'org.springframework.web.servlet.mvc.method.annotation.RequestMappingHandlerAdapter#0'
2019-01-20 17:45:47,526 [localhost-startStop-1] [org.springframework.beans.factory.support.DefaultListableBeanFactory]-[DEBUG] Creating shared instance of singleton bean 'mvcUriComponentsContributor'
2019-01-20 17:45:47,526 [localhost-startStop-1] [org.springframework.beans.factory.support.DefaultListableBeanFactory]-[DEBUG] Creating instance of bean 'mvcUriComponentsContributor'
2019-01-20 17:45:47,526 [localhost-startStop-1] [org.springframework.beans.factory.support.DefaultListableBeanFactory]-[DEBUG] Eagerly caching bean 'mvcUriComponentsContributor' to allow for resolving potential circular references
2019-01-20 17:45:47,529 [localhost-startStop-1] [org.springframework.beans.factory.support.DefaultListableBeanFactory]-[DEBUG] Creating instance of bean '(inner bean)#217e037e'
2019-01-20 17:45:47,532 [localhost-startStop-1] [org.springframework.beans.factory.support.DefaultListableBeanFactory]-[DEBUG] Returning cached instance of singleton bean 'mvcContentNegotiationManager'
2019-01-20 17:45:47,533 [localhost-startStop-1] [org.springframework.beans.factory.support.DefaultListableBeanFactory]-[DEBUG] Creating instance of bean '(inner bean)#71110564#1'
2019-01-20 17:45:47,533 [localhost-startStop-1] [org.springframework.beans.factory.support.DefaultListableBeanFactory]-[DEBUG] Returning cached instance of singleton bean 'org.springframework.format.support.FormattingConversionServiceFactoryBean#0'
2019-01-20 17:45:47,533 [localhost-startStop-1] [org.springframework.beans.factory.support.DefaultListableBeanFactory]-[DEBUG] Finished creating instance of bean '(inner bean)#71110564#1'
2019-01-20 17:45:47,533 [localhost-startStop-1] [org.springframework.beans.factory.support.DefaultListableBeanFactory]-[DEBUG] Creating instance of bean '(inner bean)#7f158188#1'
2019-01-20 17:45:47,534 [localhost-startStop-1] [org.springframework.beans.factory.support.DefaultListableBeanFactory]-[DEBUG] Finished creating instance of bean '(inner bean)#7f158188#1'
2019-01-20 17:45:47,534 [localhost-startStop-1] [org.springframework.beans.factory.support.DefaultListableBeanFactory]-[DEBUG] Creating instance of bean '(inner bean)#4f3ba324#1'
2019-01-20 17:45:47,535 [localhost-startStop-1] [org.springframework.beans.factory.support.DefaultListableBeanFactory]-[DEBUG] Finished creating instance of bean '(inner bean)#4f3ba324#1'
2019-01-20 17:45:47,535 [localhost-startStop-1] [org.springframework.beans.factory.support.DefaultListableBeanFactory]-[DEBUG] Creating instance of bean '(inner bean)#4bbaf3e3#1'
2019-01-20 17:45:47,535 [localhost-startStop-1] [org.springframework.beans.factory.support.DefaultListableBeanFactory]-[DEBUG] Finished creating instance of bean '(inner bean)#4bbaf3e3#1'
2019-01-20 17:45:47,535 [localhost-startStop-1] [org.springframework.beans.factory.support.DefaultListableBeanFactory]-[DEBUG] Creating instance of bean '(inner bean)#26c9bff8#1'
2019-01-20 17:45:47,536 [localhost-startStop-1] [org.springframework.beans.factory.support.DefaultListableBeanFactory]-[DEBUG] Finished creating instance of bean '(inner bean)#26c9bff8#1'
2019-01-20 17:45:47,536 [localhost-startStop-1] [org.springframework.beans.factory.support.DefaultListableBeanFactory]-[DEBUG] Creating instance of bean '(inner bean)#6ce8df99#1'
2019-01-20 17:45:47,539 [localhost-startStop-1] [org.springframework.beans.factory.support.DefaultListableBeanFactory]-[DEBUG] Finished creating instance of bean '(inner bean)#6ce8df99#1'
2019-01-20 17:45:47,539 [localhost-startStop-1] [org.springframework.beans.factory.support.DefaultListableBeanFactory]-[DEBUG] Creating instance of bean '(inner bean)#281d0b36#1'
2019-01-20 17:45:47,540 [localhost-startStop-1] [org.springframework.beans.factory.support.DefaultListableBeanFactory]-[DEBUG] Finished creating instance of bean '(inner bean)#281d0b36#1'
2019-01-20 17:45:47,540 [localhost-startStop-1] [org.springframework.beans.factory.support.DefaultListableBeanFactory]-[DEBUG] Creating instance of bean '(inner bean)#7c341ef5#1'
2019-01-20 17:45:47,540 [localhost-startStop-1] [org.springframework.beans.factory.support.DefaultListableBeanFactory]-[DEBUG] Creating instance of bean '(inner bean)#30321cbb#1'
2019-01-20 17:45:47,541 [localhost-startStop-1] [org.springframework.beans.factory.support.DefaultListableBeanFactory]-[DEBUG] Invoking afterPropertiesSet() on bean with name '(inner bean)#30321cbb#1'
2019-01-20 17:45:47,542 [localhost-startStop-1] [org.springframework.beans.factory.support.DefaultListableBeanFactory]-[DEBUG] Finished creating instance of bean '(inner bean)#30321cbb#1'
2019-01-20 17:45:47,543 [localhost-startStop-1] [org.springframework.beans.factory.support.DefaultListableBeanFactory]-[DEBUG] Finished creating instance of bean '(inner bean)#7c341ef5#1'
2019-01-20 17:45:47,543 [localhost-startStop-1] [org.springframework.beans.factory.support.DefaultListableBeanFactory]-[DEBUG] Creating instance of bean '(inner bean)#140eaad5#1'
2019-01-20 17:45:47,543 [localhost-startStop-1] [org.springframework.beans.factory.support.DefaultListableBeanFactory]-[DEBUG] Finished creating instance of bean '(inner bean)#140eaad5#1'
2019-01-20 17:45:47,544 [localhost-startStop-1] [org.springframework.beans.factory.support.DefaultListableBeanFactory]-[DEBUG] Invoking afterPropertiesSet() on bean with name '(inner bean)#217e037e'
2019-01-20 17:45:47,544 [localhost-startStop-1] [org.springframework.web.servlet.mvc.method.annotation.RequestMappingHandlerAdapter]-[INFO] Looking for @ControllerAdvice: WebApplicationContext for namespace 'taotao-order-servlet': startup date [Sun Jan 20 17:45:47 CST 2019]; parent: Root WebApplicationContext
2019-01-20 17:45:47,545 [localhost-startStop-1] [org.springframework.beans.factory.support.DefaultListableBeanFactory]-[DEBUG] Returning eagerly cached instance of singleton bean 'mvcUriComponentsContributor' that is not fully initialized yet - a consequence of a circular reference
2019-01-20 17:45:47,545 [localhost-startStop-1] [org.springframework.beans.factory.support.DefaultListableBeanFactory]-[DEBUG] Finished creating instance of bean '(inner bean)#217e037e'
2019-01-20 17:45:47,545 [localhost-startStop-1] [org.springframework.beans.factory.support.DefaultListableBeanFactory]-[DEBUG] Returning cached instance of singleton bean 'org.springframework.format.support.FormattingConversionServiceFactoryBean#0'
2019-01-20 17:45:47,546 [localhost-startStop-1] [org.springframework.beans.factory.support.DefaultListableBeanFactory]-[DEBUG] Invoking afterPropertiesSet() on bean with name 'mvcUriComponentsContributor'
2019-01-20 17:45:47,546 [localhost-startStop-1] [org.springframework.beans.factory.support.DefaultListableBeanFactory]-[DEBUG] Finished creating instance of bean 'mvcUriComponentsContributor'
2019-01-20 17:45:47,546 [localhost-startStop-1] [org.springframework.beans.factory.support.DefaultListableBeanFactory]-[DEBUG] Returning cached instance of singleton bean 'org.springframework.web.servlet.handler.MappedInterceptor#0'
2019-01-20 17:45:47,547 [localhost-startStop-1] [org.springframework.beans.factory.support.DefaultListableBeanFactory]-[DEBUG] Creating shared instance of singleton bean 'org.springframework.web.servlet.mvc.method.annotation.ExceptionHandlerExceptionResolver#0'
2019-01-20 17:45:47,547 [localhost-startStop-1] [org.springframework.beans.factory.support.DefaultListableBeanFactory]-[DEBUG] Creating instance of bean 'org.springframework.web.servlet.mvc.method.annotation.ExceptionHandlerExceptionResolver#0'
2019-01-20 17:45:47,554 [localhost-startStop-1] [org.springframework.beans.factory.support.DefaultListableBeanFactory]-[DEBUG] Eagerly caching bean 'org.springframework.web.servlet.mvc.method.annotation.ExceptionHandlerExceptionResolver#0' to allow for resolving potential circular references
2019-01-20 17:45:47,562 [localhost-startStop-1] [org.springframework.beans.factory.support.DefaultListableBeanFactory]-[DEBUG] Returning cached instance of singleton bean 'mvcContentNegotiationManager'
2019-01-20 17:45:47,563 [localhost-startStop-1] [org.springframework.beans.factory.support.DefaultListableBeanFactory]-[DEBUG] Creating instance of bean '(inner bean)#7f158188#2'
2019-01-20 17:45:47,563 [localhost-startStop-1] [org.springframework.beans.factory.support.DefaultListableBeanFactory]-[DEBUG] Finished creating instance of bean '(inner bean)#7f158188#2'
2019-01-20 17:45:47,564 [localhost-startStop-1] [org.springframework.beans.factory.support.DefaultListableBeanFactory]-[DEBUG] Creating instance of bean '(inner bean)#4f3ba324#2'
2019-01-20 17:45:47,564 [localhost-startStop-1] [org.springframework.beans.factory.support.DefaultListableBeanFactory]-[DEBUG] Finished creating instance of bean '(inner bean)#4f3ba324#2'
2019-01-20 17:45:47,565 [localhost-startStop-1] [org.springframework.beans.factory.support.DefaultListableBeanFactory]-[DEBUG] Creating instance of bean '(inner bean)#4bbaf3e3#2'
2019-01-20 17:45:47,565 [localhost-startStop-1] [org.springframework.beans.factory.support.DefaultListableBeanFactory]-[DEBUG] Finished creating instance of bean '(inner bean)#4bbaf3e3#2'
2019-01-20 17:45:47,565 [localhost-startStop-1] [org.springframework.beans.factory.support.DefaultListableBeanFactory]-[DEBUG] Creating instance of bean '(inner bean)#26c9bff8#2'
2019-01-20 17:45:47,566 [localhost-startStop-1] [org.springframework.beans.factory.support.DefaultListableBeanFactory]-[DEBUG] Finished creating instance of bean '(inner bean)#26c9bff8#2'
2019-01-20 17:45:47,566 [localhost-startStop-1] [org.springframework.beans.factory.support.DefaultListableBeanFactory]-[DEBUG] Creating instance of bean '(inner bean)#6ce8df99#2'
2019-01-20 17:45:47,569 [localhost-startStop-1] [org.springframework.beans.factory.support.DefaultListableBeanFactory]-[DEBUG] Finished creating instance of bean '(inner bean)#6ce8df99#2'
2019-01-20 17:45:47,569 [localhost-startStop-1] [org.springframework.beans.factory.support.DefaultListableBeanFactory]-[DEBUG] Creating instance of bean '(inner bean)#281d0b36#2'
2019-01-20 17:45:47,569 [localhost-startStop-1] [org.springframework.beans.factory.support.DefaultListableBeanFactory]-[DEBUG] Finished creating instance of bean '(inner bean)#281d0b36#2'
2019-01-20 17:45:47,569 [localhost-startStop-1] [org.springframework.beans.factory.support.DefaultListableBeanFactory]-[DEBUG] Creating instance of bean '(inner bean)#7c341ef5#2'
2019-01-20 17:45:47,570 [localhost-startStop-1] [org.springframework.beans.factory.support.DefaultListableBeanFactory]-[DEBUG] Creating instance of bean '(inner bean)#30321cbb#2'
2019-01-20 17:45:47,570 [localhost-startStop-1] [org.springframework.beans.factory.support.DefaultListableBeanFactory]-[DEBUG] Invoking afterPropertiesSet() on bean with name '(inner bean)#30321cbb#2'
2019-01-20 17:45:47,571 [localhost-startStop-1] [org.springframework.beans.factory.support.DefaultListableBeanFactory]-[DEBUG] Finished creating instance of bean '(inner bean)#30321cbb#2'
2019-01-20 17:45:47,572 [localhost-startStop-1] [org.springframework.beans.factory.support.DefaultListableBeanFactory]-[DEBUG] Finished creating instance of bean '(inner bean)#7c341ef5#2'
2019-01-20 17:45:47,572 [localhost-startStop-1] [org.springframework.beans.factory.support.DefaultListableBeanFactory]-[DEBUG] Creating instance of bean '(inner bean)#1d8276c1'
2019-01-20 17:45:47,572 [localhost-startStop-1] [org.springframework.beans.factory.support.DefaultListableBeanFactory]-[DEBUG] Finished creating instance of bean '(inner bean)#1d8276c1'
2019-01-20 17:45:47,573 [localhost-startStop-1] [org.springframework.beans.factory.support.DefaultListableBeanFactory]-[DEBUG] Invoking afterPropertiesSet() on bean with name 'org.springframework.web.servlet.mvc.method.annotation.ExceptionHandlerExceptionResolver#0'
2019-01-20 17:45:47,573 [localhost-startStop-1] [org.springframework.web.servlet.mvc.method.annotation.ExceptionHandlerExceptionResolver]-[DEBUG] Looking for exception mappings: WebApplicationContext for namespace 'taotao-order-servlet': startup date [Sun Jan 20 17:45:47 CST 2019]; parent: Root WebApplicationContext
2019-01-20 17:45:47,574 [localhost-startStop-1] [org.springframework.beans.factory.support.DefaultListableBeanFactory]-[DEBUG] Finished creating instance of bean 'org.springframework.web.servlet.mvc.method.annotation.ExceptionHandlerExceptionResolver#0'
2019-01-20 17:45:47,574 [localhost-startStop-1] [org.springframework.beans.factory.support.DefaultListableBeanFactory]-[DEBUG] Creating shared instance of singleton bean 'org.springframework.web.servlet.mvc.annotation.ResponseStatusExceptionResolver#0'
2019-01-20 17:45:47,574 [localhost-startStop-1] [org.springframework.beans.factory.support.DefaultListableBeanFactory]-[DEBUG] Creating instance of bean 'org.springframework.web.servlet.mvc.annotation.ResponseStatusExceptionResolver#0'
2019-01-20 17:45:47,574 [localhost-startStop-1] [org.springframework.beans.factory.support.DefaultListableBeanFactory]-[DEBUG] Eagerly caching bean 'org.springframework.web.servlet.mvc.annotation.ResponseStatusExceptionResolver#0' to allow for resolving potential circular references
2019-01-20 17:45:47,577 [localhost-startStop-1] [org.springframework.beans.factory.support.DefaultListableBeanFactory]-[DEBUG] Finished creating instance of bean 'org.springframework.web.servlet.mvc.annotation.ResponseStatusExceptionResolver#0'
2019-01-20 17:45:47,577 [localhost-startStop-1] [org.springframework.beans.factory.support.DefaultListableBeanFactory]-[DEBUG] Creating shared instance of singleton bean 'org.springframework.web.servlet.mvc.support.DefaultHandlerExceptionResolver#0'
2019-01-20 17:45:47,577 [localhost-startStop-1] [org.springframework.beans.factory.support.DefaultListableBeanFactory]-[DEBUG] Creating instance of bean 'org.springframework.web.servlet.mvc.support.DefaultHandlerExceptionResolver#0'
2019-01-20 17:45:47,577 [localhost-startStop-1] [org.springframework.beans.factory.support.DefaultListableBeanFactory]-[DEBUG] Eagerly caching bean 'org.springframework.web.servlet.mvc.support.DefaultHandlerExceptionResolver#0' to allow for resolving potential circular references
2019-01-20 17:45:47,579 [localhost-startStop-1] [org.springframework.beans.factory.support.DefaultListableBeanFactory]-[DEBUG] Finished creating instance of bean 'org.springframework.web.servlet.mvc.support.DefaultHandlerExceptionResolver#0'
2019-01-20 17:45:47,580 [localhost-startStop-1] [org.springframework.beans.factory.support.DefaultListableBeanFactory]-[DEBUG] Creating shared instance of singleton bean 'org.springframework.web.servlet.handler.BeanNameUrlHandlerMapping'
2019-01-20 17:45:47,580 [localhost-startStop-1] [org.springframework.beans.factory.support.DefaultListableBeanFactory]-[DEBUG] Creating instance of bean 'org.springframework.web.servlet.handler.BeanNameUrlHandlerMapping'
2019-01-20 17:45:47,580 [localhost-startStop-1] [org.springframework.beans.factory.support.DefaultListableBeanFactory]-[DEBUG] Eagerly caching bean 'org.springframework.web.servlet.handler.BeanNameUrlHandlerMapping' to allow for resolving potential circular references
2019-01-20 17:45:47,586 [localhost-startStop-1] [org.springframework.beans.factory.support.DefaultListableBeanFactory]-[DEBUG] Returning cached instance of singleton bean 'org.springframework.web.servlet.handler.MappedInterceptor#0'
2019-01-20 17:45:47,587 [localhost-startStop-1] [org.springframework.web.servlet.handler.BeanNameUrlHandlerMapping]-[DEBUG] Looking for URL mappings in application context: WebApplicationContext for namespace 'taotao-order-servlet': startup date [Sun Jan 20 17:45:47 CST 2019]; parent: Root WebApplicationContext
2019-01-20 17:45:47,587 [localhost-startStop-1] [org.springframework.web.servlet.handler.BeanNameUrlHandlerMapping]-[DEBUG] Rejected bean name 'orderController': no URL paths identified
2019-01-20 17:45:47,587 [localhost-startStop-1] [org.springframework.web.servlet.handler.BeanNameUrlHandlerMapping]-[DEBUG] Rejected bean name 'org.springframework.context.annotation.internalConfigurationAnnotationProcessor': no URL paths identified
2019-01-20 17:45:47,587 [localhost-startStop-1] [org.springframework.web.servlet.handler.BeanNameUrlHandlerMapping]-[DEBUG] Rejected bean name 'org.springframework.context.annotation.internalAutowiredAnnotationProcessor': no URL paths identified
2019-01-20 17:45:47,587 [localhost-startStop-1] [org.springframework.web.servlet.handler.BeanNameUrlHandlerMapping]-[DEBUG] Rejected bean name 'org.springframework.context.annotation.internalRequiredAnnotationProcessor': no URL paths identified
2019-01-20 17:45:47,587 [localhost-startStop-1] [org.springframework.web.servlet.handler.BeanNameUrlHandlerMapping]-[DEBUG] Rejected bean name 'org.springframework.context.annotation.internalCommonAnnotationProcessor': no URL paths identified
2019-01-20 17:45:47,587 [localhost-startStop-1] [org.springframework.web.servlet.handler.BeanNameUrlHandlerMapping]-[DEBUG] Rejected bean name 'mvcContentNegotiationManager': no URL paths identified
2019-01-20 17:45:47,587 [localhost-startStop-1] [org.springframework.web.servlet.handler.BeanNameUrlHandlerMapping]-[DEBUG] Rejected bean name 'org.springframework.web.servlet.mvc.method.annotation.RequestMappingHandlerMapping#0': no URL paths identified
2019-01-20 17:45:47,587 [localhost-startStop-1] [org.springframework.web.servlet.handler.BeanNameUrlHandlerMapping]-[DEBUG] Rejected bean name 'org.springframework.format.support.FormattingConversionServiceFactoryBean#0': no URL paths identified
2019-01-20 17:45:47,587 [localhost-startStop-1] [org.springframework.web.servlet.handler.BeanNameUrlHandlerMapping]-[DEBUG] Rejected bean name 'org.springframework.web.servlet.mvc.method.annotation.RequestMappingHandlerAdapter#0': no URL paths identified
2019-01-20 17:45:47,587 [localhost-startStop-1] [org.springframework.web.servlet.handler.BeanNameUrlHandlerMapping]-[DEBUG] Rejected bean name 'mvcUriComponentsContributor': no URL paths identified
2019-01-20 17:45:47,587 [localhost-startStop-1] [org.springframework.web.servlet.handler.BeanNameUrlHandlerMapping]-[DEBUG] Rejected bean name 'org.springframework.web.servlet.handler.MappedInterceptor#0': no URL paths identified
2019-01-20 17:45:47,587 [localhost-startStop-1] [org.springframework.web.servlet.handler.BeanNameUrlHandlerMapping]-[DEBUG] Rejected bean name 'org.springframework.web.servlet.mvc.method.annotation.ExceptionHandlerExceptionResolver#0': no URL paths identified
2019-01-20 17:45:47,587 [localhost-startStop-1] [org.springframework.web.servlet.handler.BeanNameUrlHandlerMapping]-[DEBUG] Rejected bean name 'org.springframework.web.servlet.mvc.annotation.ResponseStatusExceptionResolver#0': no URL paths identified
2019-01-20 17:45:47,587 [localhost-startStop-1] [org.springframework.web.servlet.handler.BeanNameUrlHandlerMapping]-[DEBUG] Rejected bean name 'org.springframework.web.servlet.mvc.support.DefaultHandlerExceptionResolver#0': no URL paths identified
2019-01-20 17:45:47,587 [localhost-startStop-1] [org.springframework.web.servlet.handler.BeanNameUrlHandlerMapping]-[DEBUG] Rejected bean name 'org.springframework.web.servlet.handler.BeanNameUrlHandlerMapping': no URL paths identified
2019-01-20 17:45:47,587 [localhost-startStop-1] [org.springframework.web.servlet.handler.BeanNameUrlHandlerMapping]-[DEBUG] Rejected bean name 'org.springframework.web.servlet.mvc.HttpRequestHandlerAdapter': no URL paths identified
2019-01-20 17:45:47,587 [localhost-startStop-1] [org.springframework.web.servlet.handler.BeanNameUrlHandlerMapping]-[DEBUG] Rejected bean name 'org.springframework.web.servlet.mvc.SimpleControllerHandlerAdapter': no URL paths identified
2019-01-20 17:45:47,587 [localhost-startStop-1] [org.springframework.web.servlet.handler.BeanNameUrlHandlerMapping]-[DEBUG] Rejected bean name 'org.springframework.context.support.PropertySourcesPlaceholderConfigurer#0': no URL paths identified
2019-01-20 17:45:47,587 [localhost-startStop-1] [org.springframework.web.servlet.handler.BeanNameUrlHandlerMapping]-[DEBUG] Rejected bean name 'org.springframework.web.servlet.view.InternalResourceViewResolver#0': no URL paths identified
2019-01-20 17:45:47,587 [localhost-startStop-1] [org.springframework.web.servlet.handler.BeanNameUrlHandlerMapping]-[DEBUG] Rejected bean name 'org.springframework.context.annotation.ConfigurationClassPostProcessor.importAwareProcessor': no URL paths identified
2019-01-20 17:45:47,588 [localhost-startStop-1] [org.springframework.web.servlet.handler.BeanNameUrlHandlerMapping]-[DEBUG] Rejected bean name 'org.springframework.context.annotation.ConfigurationClassPostProcessor.enhancedConfigurationProcessor': no URL paths identified
2019-01-20 17:45:47,588 [localhost-startStop-1] [org.springframework.web.servlet.handler.BeanNameUrlHandlerMapping]-[DEBUG] Rejected bean name 'environment': no URL paths identified
2019-01-20 17:45:47,588 [localhost-startStop-1] [org.springframework.web.servlet.handler.BeanNameUrlHandlerMapping]-[DEBUG] Rejected bean name 'systemProperties': no URL paths identified
2019-01-20 17:45:47,588 [localhost-startStop-1] [org.springframework.web.servlet.handler.BeanNameUrlHandlerMapping]-[DEBUG] Rejected bean name 'systemEnvironment': no URL paths identified
2019-01-20 17:45:47,588 [localhost-startStop-1] [org.springframework.web.servlet.handler.BeanNameUrlHandlerMapping]-[DEBUG] Rejected bean name 'servletConfig': no URL paths identified
2019-01-20 17:45:47,588 [localhost-startStop-1] [org.springframework.web.servlet.handler.BeanNameUrlHandlerMapping]-[DEBUG] Rejected bean name 'org.springframework.context.annotation.ConfigurationClassPostProcessor.importRegistry': no URL paths identified
2019-01-20 17:45:47,588 [localhost-startStop-1] [org.springframework.web.servlet.handler.BeanNameUrlHandlerMapping]-[DEBUG] Rejected bean name 'messageSource': no URL paths identified
2019-01-20 17:45:47,588 [localhost-startStop-1] [org.springframework.web.servlet.handler.BeanNameUrlHandlerMapping]-[DEBUG] Rejected bean name 'applicationEventMulticaster': no URL paths identified
2019-01-20 17:45:47,588 [localhost-startStop-1] [org.springframework.beans.factory.support.DefaultListableBeanFactory]-[DEBUG] Finished creating instance of bean 'org.springframework.web.servlet.handler.BeanNameUrlHandlerMapping'
2019-01-20 17:45:47,588 [localhost-startStop-1] [org.springframework.beans.factory.support.DefaultListableBeanFactory]-[DEBUG] Creating shared instance of singleton bean 'org.springframework.web.servlet.mvc.HttpRequestHandlerAdapter'
2019-01-20 17:45:47,588 [localhost-startStop-1] [org.springframework.beans.factory.support.DefaultListableBeanFactory]-[DEBUG] Creating instance of bean 'org.springframework.web.servlet.mvc.HttpRequestHandlerAdapter'
2019-01-20 17:45:47,588 [localhost-startStop-1] [org.springframework.beans.factory.support.DefaultListableBeanFactory]-[DEBUG] Eagerly caching bean 'org.springframework.web.servlet.mvc.HttpRequestHandlerAdapter' to allow for resolving potential circular references
2019-01-20 17:45:47,589 [localhost-startStop-1] [org.springframework.beans.factory.support.DefaultListableBeanFactory]-[DEBUG] Finished creating instance of bean 'org.springframework.web.servlet.mvc.HttpRequestHandlerAdapter'
2019-01-20 17:45:47,589 [localhost-startStop-1] [org.springframework.beans.factory.support.DefaultListableBeanFactory]-[DEBUG] Creating shared instance of singleton bean 'org.springframework.web.servlet.mvc.SimpleControllerHandlerAdapter'
2019-01-20 17:45:47,589 [localhost-startStop-1] [org.springframework.beans.factory.support.DefaultListableBeanFactory]-[DEBUG] Creating instance of bean 'org.springframework.web.servlet.mvc.SimpleControllerHandlerAdapter'
2019-01-20 17:45:47,590 [localhost-startStop-1] [org.springframework.beans.factory.support.DefaultListableBeanFactory]-[DEBUG] Eagerly caching bean 'org.springframework.web.servlet.mvc.SimpleControllerHandlerAdapter' to allow for resolving potential circular references
2019-01-20 17:45:47,591 [localhost-startStop-1] [org.springframework.beans.factory.support.DefaultListableBeanFactory]-[DEBUG] Finished creating instance of bean 'org.springframework.web.servlet.mvc.SimpleControllerHandlerAdapter'
2019-01-20 17:45:47,591 [localhost-startStop-1] [org.springframework.beans.factory.support.DefaultListableBeanFactory]-[DEBUG] Returning cached instance of singleton bean 'org.springframework.context.support.PropertySourcesPlaceholderConfigurer#0'
2019-01-20 17:45:47,591 [localhost-startStop-1] [org.springframework.beans.factory.support.DefaultListableBeanFactory]-[DEBUG] Creating shared instance of singleton bean 'org.springframework.web.servlet.view.InternalResourceViewResolver#0'
2019-01-20 17:45:47,591 [localhost-startStop-1] [org.springframework.beans.factory.support.DefaultListableBeanFactory]-[DEBUG] Creating instance of bean 'org.springframework.web.servlet.view.InternalResourceViewResolver#0'
2019-01-20 17:45:47,595 [localhost-startStop-1] [org.springframework.beans.factory.support.DefaultListableBeanFactory]-[DEBUG] Eagerly caching bean 'org.springframework.web.servlet.view.InternalResourceViewResolver#0' to allow for resolving potential circular references
2019-01-20 17:45:47,601 [localhost-startStop-1] [org.springframework.beans.factory.support.DefaultListableBeanFactory]-[DEBUG] Finished creating instance of bean 'org.springframework.web.servlet.view.InternalResourceViewResolver#0'
2019-01-20 17:45:47,601 [localhost-startStop-1] [org.springframework.beans.factory.support.DefaultListableBeanFactory]-[DEBUG] Returning cached instance of singleton bean 'org.springframework.context.annotation.ConfigurationClassPostProcessor.importAwareProcessor'
2019-01-20 17:45:47,601 [localhost-startStop-1] [org.springframework.beans.factory.support.DefaultListableBeanFactory]-[DEBUG] Returning cached instance of singleton bean 'org.springframework.context.annotation.ConfigurationClassPostProcessor.enhancedConfigurationProcessor'
2019-01-20 17:45:47,601 [localhost-startStop-1] [org.springframework.web.context.support.XmlWebApplicationContext]-[DEBUG] Unable to locate LifecycleProcessor with name 'lifecycleProcessor': using default [org.springframework.context.support.DefaultLifecycleProcessor@780e1c4d]
2019-01-20 17:45:47,601 [localhost-startStop-1] [org.springframework.beans.factory.support.DefaultListableBeanFactory]-[DEBUG] Returning cached instance of singleton bean 'lifecycleProcessor'
2019-01-20 17:45:47,602 [localhost-startStop-1] [org.springframework.web.servlet.DispatcherServlet]-[DEBUG] Unable to locate MultipartResolver with name 'multipartResolver': no multipart request handling provided
2019-01-20 17:45:47,602 [localhost-startStop-1] [org.springframework.beans.factory.support.DefaultListableBeanFactory]-[DEBUG] Creating instance of bean 'org.springframework.web.servlet.i18n.AcceptHeaderLocaleResolver'
2019-01-20 17:45:47,604 [localhost-startStop-1] [org.springframework.beans.factory.support.DefaultListableBeanFactory]-[DEBUG] Finished creating instance of bean 'org.springframework.web.servlet.i18n.AcceptHeaderLocaleResolver'
2019-01-20 17:45:47,604 [localhost-startStop-1] [org.springframework.web.servlet.DispatcherServlet]-[DEBUG] Unable to locate LocaleResolver with name 'localeResolver': using default [org.springframework.web.servlet.i18n.AcceptHeaderLocaleResolver@3043d613]
2019-01-20 17:45:47,605 [localhost-startStop-1] [org.springframework.beans.factory.support.DefaultListableBeanFactory]-[DEBUG] Creating instance of bean 'org.springframework.web.servlet.theme.FixedThemeResolver'
2019-01-20 17:45:47,609 [localhost-startStop-1] [org.springframework.beans.factory.support.DefaultListableBeanFactory]-[DEBUG] Finished creating instance of bean 'org.springframework.web.servlet.theme.FixedThemeResolver'
2019-01-20 17:45:47,609 [localhost-startStop-1] [org.springframework.web.servlet.DispatcherServlet]-[DEBUG] Unable to locate ThemeResolver with name 'themeResolver': using default [org.springframework.web.servlet.theme.FixedThemeResolver@43032a76]
2019-01-20 17:45:47,609 [localhost-startStop-1] [org.springframework.beans.factory.support.DefaultListableBeanFactory]-[DEBUG] Returning cached instance of singleton bean 'org.springframework.web.servlet.mvc.method.annotation.RequestMappingHandlerMapping#0'
2019-01-20 17:45:47,609 [localhost-startStop-1] [org.springframework.beans.factory.support.DefaultListableBeanFactory]-[DEBUG] Returning cached instance of singleton bean 'org.springframework.web.servlet.handler.BeanNameUrlHandlerMapping'
2019-01-20 17:45:47,609 [localhost-startStop-1] [org.springframework.beans.factory.support.DefaultListableBeanFactory]-[DEBUG] Returning cached instance of singleton bean 'org.springframework.web.servlet.mvc.method.annotation.RequestMappingHandlerAdapter#0'
2019-01-20 17:45:47,609 [localhost-startStop-1] [org.springframework.beans.factory.support.DefaultListableBeanFactory]-[DEBUG] Returning cached instance of singleton bean 'org.springframework.web.servlet.mvc.HttpRequestHandlerAdapter'
2019-01-20 17:45:47,609 [localhost-startStop-1] [org.springframework.beans.factory.support.DefaultListableBeanFactory]-[DEBUG] Returning cached instance of singleton bean 'org.springframework.web.servlet.mvc.SimpleControllerHandlerAdapter'
2019-01-20 17:45:47,609 [localhost-startStop-1] [org.springframework.beans.factory.support.DefaultListableBeanFactory]-[DEBUG] Returning cached instance of singleton bean 'org.springframework.web.servlet.mvc.method.annotation.ExceptionHandlerExceptionResolver#0'
2019-01-20 17:45:47,610 [localhost-startStop-1] [org.springframework.beans.factory.support.DefaultListableBeanFactory]-[DEBUG] Returning cached instance of singleton bean 'org.springframework.web.servlet.mvc.annotation.ResponseStatusExceptionResolver#0'
2019-01-20 17:45:47,610 [localhost-startStop-1] [org.springframework.beans.factory.support.DefaultListableBeanFactory]-[DEBUG] Returning cached instance of singleton bean 'org.springframework.web.servlet.mvc.support.DefaultHandlerExceptionResolver#0'
2019-01-20 17:45:47,610 [localhost-startStop-1] [org.springframework.beans.factory.support.DefaultListableBeanFactory]-[DEBUG] Creating instance of bean 'org.springframework.web.servlet.view.DefaultRequestToViewNameTranslator'
2019-01-20 17:45:47,613 [localhost-startStop-1] [org.springframework.beans.factory.support.DefaultListableBeanFactory]-[DEBUG] Finished creating instance of bean 'org.springframework.web.servlet.view.DefaultRequestToViewNameTranslator'
2019-01-20 17:45:47,613 [localhost-startStop-1] [org.springframework.web.servlet.DispatcherServlet]-[DEBUG] Unable to locate RequestToViewNameTranslator with name 'viewNameTranslator': using default [org.springframework.web.servlet.view.DefaultRequestToViewNameTranslator@5b252b36]
2019-01-20 17:45:47,613 [localhost-startStop-1] [org.springframework.beans.factory.support.DefaultListableBeanFactory]-[DEBUG] Returning cached instance of singleton bean 'org.springframework.web.servlet.view.InternalResourceViewResolver#0'
2019-01-20 17:45:47,614 [localhost-startStop-1] [org.springframework.beans.factory.support.DefaultListableBeanFactory]-[DEBUG] Creating instance of bean 'org.springframework.web.servlet.support.SessionFlashMapManager'
2019-01-20 17:45:47,618 [localhost-startStop-1] [org.springframework.beans.factory.support.DefaultListableBeanFactory]-[DEBUG] Finished creating instance of bean 'org.springframework.web.servlet.support.SessionFlashMapManager'
2019-01-20 17:45:47,618 [localhost-startStop-1] [org.springframework.web.servlet.DispatcherServlet]-[DEBUG] Unable to locate FlashMapManager with name 'flashMapManager': using default [org.springframework.web.servlet.support.SessionFlashMapManager@50735e1c]
2019-01-20 17:45:47,618 [localhost-startStop-1] [org.springframework.core.env.PropertySourcesPropertyResolver]-[DEBUG] Searching for key 'spring.liveBeansView.mbeanDomain' in [servletConfigInitParams]
2019-01-20 17:45:47,618 [localhost-startStop-1] [org.springframework.core.env.PropertySourcesPropertyResolver]-[DEBUG] Searching for key 'spring.liveBeansView.mbeanDomain' in [servletContextInitParams]
2019-01-20 17:45:47,618 [localhost-startStop-1] [org.springframework.core.env.PropertySourcesPropertyResolver]-[DEBUG] Searching for key 'spring.liveBeansView.mbeanDomain' in [jndiProperties]
2019-01-20 17:45:47,618 [localhost-startStop-1] [org.springframework.jndi.JndiTemplate]-[DEBUG] Looking up JNDI object with name [java:comp/env/spring.liveBeansView.mbeanDomain]
2019-01-20 17:45:47,619 [localhost-startStop-1] [org.springframework.jndi.JndiLocatorDelegate]-[DEBUG] Converted JNDI name [java:comp/env/spring.liveBeansView.mbeanDomain] not found - trying original name [spring.liveBeansView.mbeanDomain]. javax.naming.NameNotFoundException: Name [spring.liveBeansView.mbeanDomain] is not bound in this Context. Unable to find [spring.liveBeansView.mbeanDomain].
2019-01-20 17:45:47,619 [localhost-startStop-1] [org.springframework.jndi.JndiTemplate]-[DEBUG] Looking up JNDI object with name [spring.liveBeansView.mbeanDomain]
2019-01-20 17:45:47,619 [localhost-startStop-1] [org.springframework.jndi.JndiPropertySource]-[DEBUG] JNDI lookup for name [spring.liveBeansView.mbeanDomain] threw NamingException with message: Name [spring.liveBeansView.mbeanDomain] is not bound in this Context. Unable to find [spring.liveBeansView.mbeanDomain].. Returning null.
2019-01-20 17:45:47,619 [localhost-startStop-1] [org.springframework.core.env.PropertySourcesPropertyResolver]-[DEBUG] Searching for key 'spring.liveBeansView.mbeanDomain' in [systemProperties]
2019-01-20 17:45:47,619 [localhost-startStop-1] [org.springframework.core.env.PropertySourcesPropertyResolver]-[DEBUG] Searching for key 'spring.liveBeansView.mbeanDomain' in [systemEnvironment]
2019-01-20 17:45:47,619 [localhost-startStop-1] [org.springframework.core.env.PropertySourcesPropertyResolver]-[DEBUG] Could not find key 'spring.liveBeansView.mbeanDomain' in any property source. Returning [null]
2019-01-20 17:45:47,619 [localhost-startStop-1] [org.springframework.web.servlet.DispatcherServlet]-[DEBUG] Published WebApplicationContext of servlet 'taotao-order' as ServletContext attribute with name [org.springframework.web.servlet.FrameworkServlet.CONTEXT.taotao-order]
2019-01-20 17:45:47,619 [localhost-startStop-1] [org.springframework.web.servlet.DispatcherServlet]-[INFO] FrameworkServlet 'taotao-order': initialization completed in 580 ms
2019-01-20 17:45:47,619 [localhost-startStop-1] [org.springframework.web.servlet.DispatcherServlet]-[DEBUG] Servlet 'taotao-order' configured successfully
2019-01-20 17:46:13,934 [http-bio-8085-exec-1] [org.springframework.web.servlet.DispatcherServlet]-[DEBUG] DispatcherServlet with name 'taotao-order' processing POST request for [/order/create]
2019-01-20 17:46:13,938 [http-bio-8085-exec-1] [org.springframework.web.servlet.mvc.method.annotation.RequestMappingHandlerMapping]-[DEBUG] Looking up handler method for path /create
2019-01-20 17:46:13,941 [http-bio-8085-exec-1] [org.springframework.web.servlet.mvc.method.annotation.RequestMappingHandlerMapping]-[DEBUG] Returning handler method [public com.taotao.common.pojo.TaotaoResult com.taotao.order.controller.OrderController.create(com.toatao.order.pojo.Order)]
2019-01-20 17:46:13,941 [http-bio-8085-exec-1] [org.springframework.beans.factory.support.DefaultListableBeanFactory]-[DEBUG] Returning cached instance of singleton bean 'orderController'
2019-01-20 17:46:14,033 [http-bio-8085-exec-1] [org.springframework.web.servlet.mvc.method.annotation.RequestResponseBodyMethodProcessor]-[DEBUG] Reading [class com.toatao.order.pojo.Order] as "application/json;charset=UTF-8" using [org.springframework.http.converter.json.MappingJackson2HttpMessageConverter@4d4e9bc4]
2019-01-20 17:46:14,072 [http-bio-8085-exec-1] [org.springframework.jdbc.datasource.DataSourceTransactionManager]-[DEBUG] Creating new transaction with name [com.taotao.order.service.impl.CreateOrderServiceImpl.create]: PROPAGATION_REQUIRED,ISOLATION_DEFAULT
2019-01-20 17:46:14,122 [http-bio-8085-exec-1] [com.alibaba.druid.pool.DruidDataSource]-[INFO] {dataSource-1} inited
2019-01-20 17:46:14,401 [http-bio-8085-exec-1] [org.springframework.jdbc.datasource.DataSourceTransactionManager]-[DEBUG] Acquired Connection [com.mysql.jdbc.JDBC4Connection@645d7d5] for JDBC transaction
2019-01-20 17:46:14,406 [http-bio-8085-exec-1] [org.springframework.jdbc.datasource.DataSourceTransactionManager]-[DEBUG] Switching JDBC Connection [com.mysql.jdbc.JDBC4Connection@645d7d5] to manual commit
2019-01-20 17:46:14,424 [http-bio-8085-exec-1] [org.mybatis.spring.SqlSessionUtils]-[DEBUG] Creating a new SqlSession
2019-01-20 17:46:14,437 [http-bio-8085-exec-1] [org.mybatis.spring.SqlSessionUtils]-[DEBUG] Registering transaction synchronization for SqlSession [org.apache.ibatis.session.defaults.DefaultSqlSession@28c433ff]
2019-01-20 17:46:14,444 [http-bio-8085-exec-1] [org.mybatis.spring.transaction.SpringManagedTransaction]-[DEBUG] JDBC Connection [com.mysql.jdbc.JDBC4Connection@645d7d5] will be managed by Spring
2019-01-20 17:46:14,448 [http-bio-8085-exec-1] [com.taotao.mapper.TbOrderMapper.insert]-[DEBUG] ==>  Preparing: insert into tb_order (order_id, payment, payment_type, post_fee, status, create_time, update_time, payment_time, consign_time, end_time, close_time, shipping_name, shipping_code, user_id, buyer_message, buyer_nick, buyer_rate) values (?, ?, ?, ?, ?, ?, ?, ?, ?, ?, ?, ?, ?, ?, ?, ?, ?) 
2019-01-20 17:46:14,487 [http-bio-8085-exec-1] [com.taotao.mapper.TbOrderMapper.insert]-[DEBUG] ==> Parameters: 44956(String), 1845.00(String), 1(Integer), null, 1(Integer), 2019-01-20 17:46:14.42(Timestamp), 2019-01-20 17:46:14.42(Timestamp), null, null, null, null, null, null, null, null, null, 0(Integer)
2019-01-20 17:46:14,489 [http-bio-8085-exec-1] [com.taotao.mapper.TbOrderMapper.insert]-[DEBUG] <==    Updates: 1
2019-01-20 17:46:14,489 [http-bio-8085-exec-1] [org.mybatis.spring.SqlSessionUtils]-[DEBUG] Releasing transactional SqlSession [org.apache.ibatis.session.defaults.DefaultSqlSession@28c433ff]
2019-01-20 17:46:14,490 [http-bio-8085-exec-1] [org.mybatis.spring.SqlSessionUtils]-[DEBUG] Fetched SqlSession [org.apache.ibatis.session.defaults.DefaultSqlSession@28c433ff] from current transaction
2019-01-20 17:46:14,490 [http-bio-8085-exec-1] [com.taotao.mapper.TbOrderItemMapper.insert]-[DEBUG] ==>  Preparing: insert into tb_order_item (id, item_id, order_id, num, title, price, total_fee, pic_path) values (?, ?, ?, ?, ?, ?, ?, ?) 
2019-01-20 17:46:14,491 [http-bio-8085-exec-1] [com.taotao.mapper.TbOrderItemMapper.insert]-[DEBUG] ==> Parameters: 449566838(String), 154564518140719(String), 44956(String), 1(Integer), 555(String), 55500(Long), 55500(Long), http://192.168.93.90/images/2018/12//24/1545645154575601.JPG(String)
2019-01-20 17:46:14,492 [http-bio-8085-exec-1] [com.taotao.mapper.TbOrderItemMapper.insert]-[DEBUG] <==    Updates: 1
2019-01-20 17:46:14,492 [http-bio-8085-exec-1] [org.mybatis.spring.SqlSessionUtils]-[DEBUG] Releasing transactional SqlSession [org.apache.ibatis.session.defaults.DefaultSqlSession@28c433ff]
2019-01-20 17:46:14,493 [http-bio-8085-exec-1] [org.mybatis.spring.SqlSessionUtils]-[DEBUG] Fetched SqlSession [org.apache.ibatis.session.defaults.DefaultSqlSession@28c433ff] from current transaction
2019-01-20 17:46:14,493 [http-bio-8085-exec-1] [com.taotao.mapper.TbOrderItemMapper.insert]-[DEBUG] ==>  Preparing: insert into tb_order_item (id, item_id, order_id, num, title, price, total_fee, pic_path) values (?, ?, ?, ?, ?, ?, ?, ?) 
2019-01-20 17:46:14,494 [http-bio-8085-exec-1] [com.taotao.mapper.TbOrderItemMapper.insert]-[DEBUG] ==> Parameters: 449569914(String), 1058620851(String), 44956(String), 10(Integer), A206 /2G (String), 12900(Long), 129000(Long), http://image.taotao.com/jd/ec2925850d1e44f9bf4d1798aa921c92.jpg(String)
2019-01-20 17:46:14,495 [http-bio-8085-exec-1] [com.taotao.mapper.TbOrderItemMapper.insert]-[DEBUG] <==    Updates: 1
2019-01-20 17:46:14,495 [http-bio-8085-exec-1] [org.mybatis.spring.SqlSessionUtils]-[DEBUG] Releasing transactional SqlSession [org.apache.ibatis.session.defaults.DefaultSqlSession@28c433ff]
2019-01-20 17:46:14,495 [http-bio-8085-exec-1] [org.mybatis.spring.SqlSessionUtils]-[DEBUG] Transaction synchronization deregistering SqlSession [org.apache.ibatis.session.defaults.DefaultSqlSession@28c433ff]
2019-01-20 17:46:14,495 [http-bio-8085-exec-1] [org.mybatis.spring.SqlSessionUtils]-[DEBUG] Transaction synchronization closing SqlSession [org.apache.ibatis.session.defaults.DefaultSqlSession@28c433ff]
2019-01-20 17:46:14,496 [http-bio-8085-exec-1] [org.springframework.jdbc.datasource.DataSourceTransactionManager]-[DEBUG] Initiating transaction rollback
2019-01-20 17:46:14,496 [http-bio-8085-exec-1] [org.springframework.jdbc.datasource.DataSourceTransactionManager]-[DEBUG] Rolling back JDBC transaction on Connection [com.mysql.jdbc.JDBC4Connection@645d7d5]
2019-01-20 17:46:14,818 [http-bio-8085-exec-1] [org.springframework.jdbc.datasource.DataSourceTransactionManager]-[DEBUG] Releasing JDBC Connection [com.mysql.jdbc.JDBC4Connection@645d7d5] after transaction
2019-01-20 17:46:14,819 [http-bio-8085-exec-1] [org.springframework.jdbc.datasource.DataSourceUtils]-[DEBUG] Returning JDBC Connection to DataSource
2019-01-20 17:46:14,833 [http-bio-8085-exec-1] [org.springframework.web.servlet.mvc.method.annotation.ResponseBodyAdviceChain]-[DEBUG] Invoking ResponseBodyAdvice chain for body=com.taotao.common.pojo.TaotaoResult@5ce0a926
2019-01-20 17:46:14,833 [http-bio-8085-exec-1] [org.springframework.web.servlet.mvc.method.annotation.ResponseBodyAdviceChain]-[DEBUG] After ResponseBodyAdvice chain body=com.taotao.common.pojo.TaotaoResult@5ce0a926
2019-01-20 17:46:14,856 [http-bio-8085-exec-1] [org.springframework.web.servlet.mvc.method.annotation.RequestResponseBodyMethodProcessor]-[DEBUG] Written [com.taotao.common.pojo.TaotaoResult@5ce0a926] as "application/json;charset=UTF-8" using [org.springframework.http.converter.json.MappingJackson2HttpMessageConverter@4d4e9bc4]
2019-01-20 17:46:14,856 [http-bio-8085-exec-1] [org.springframework.web.servlet.DispatcherServlet]-[DEBUG] Null ModelAndView returned to DispatcherServlet with name 'taotao-order': assuming HandlerAdapter completed request handling
2019-01-20 17:46:14,856 [http-bio-8085-exec-1] [org.springframework.web.servlet.DispatcherServlet]-[DEBUG] Successfully completed request
2019-01-20 17:46:14,857 [http-bio-8085-exec-1] [org.springframework.beans.factory.support.DefaultListableBeanFactory]-[DEBUG] Returning cached instance of singleton bean 'sqlSessionFactory'
